2022-11-11 14:38:02,192 | INFO     | 0226 | Setting strategy: saludo
2022-11-11 14:38:02,192 | INFO     | 0226 | Setting strategy: nombre
2022-11-11 14:38:02,192 | INFO     | 0226 | Setting strategy: malestar
2022-11-11 14:38:02,193 | INFO     | 0226 | Setting strategy: origen
2022-11-11 14:38:02,193 | INFO     | 0226 | Setting strategy: pensamiento
2022-11-11 14:38:02,193 | INFO     | 0226 | Setting strategy: emociones
2022-11-11 14:38:02,193 | INFO     | 0226 | Setting strategy: acuerdo
2022-11-11 14:38:02,193 | INFO     | 0263 | Loading IS : conversations/ansiedad/is.json
2022-11-11 14:38:02,193 | INFO     | 0486 | STARTS loop_sloots
2022-11-11 14:38:02,202 | INFO     | 0404 | START input
2022-11-11 14:38:02,203 | INFO     | 0446 | Waiting from keyboard
2022-11-11 14:38:03,080 | INFO     | 0460 | USR: a
2022-11-11 14:38:03,080 | INFO     | 0477 | Saving result in: origen
2022-11-11 14:38:03,081 | INFO     | 0482 | ENDS input
2022-11-11 14:38:03,085 | INFO     | 0404 | START input
2022-11-11 14:38:03,086 | INFO     | 0446 | Waiting from keyboard
2022-11-11 14:38:03,783 | INFO     | 0460 | USR: a
2022-11-11 14:38:03,783 | INFO     | 0477 | Saving result in: pensamiento
2022-11-11 14:38:03,784 | INFO     | 0482 | ENDS input
2022-11-11 14:38:03,786 | INFO     | 0404 | START input
2022-11-11 14:38:03,788 | INFO     | 0446 | Waiting from keyboard
2022-11-11 14:38:05,694 | INFO     | 0460 | USR: a
2022-11-11 14:38:05,695 | INFO     | 0477 | Saving result in: emociones
2022-11-11 14:38:05,695 | INFO     | 0482 | ENDS input
